<?xml version="1.0" encoding="UTF-8"?>
<!-- Generated by org.testng.reporters.JUnitXMLReporter -->
<testsuite ignored="0" hostname="Srichakra" failures="1" tests="1" name="Default test(failed)" time="2.433" errors="0" timestamp="2026-05-31T13:34:37 EDT">
  <testcase classname="ui.LoginTest" name="verifySuccessfulLogin" time="0.357">
    <failure type="java.lang.AssertionError" message="Title Validation Failed expected [Swa Labs] but found [Swag Labs]">
      <![CDATA[java.lang.AssertionError: Title Validation Failed expected [Swa Labs] but found [Swag Labs]
at ui.LoginTest.verifySuccessfulLogin(LoginTest.java:35)
at java.base/java.util.ArrayList.forEach(ArrayList.java:1596)
... Removed 30 stack frames]]>
    </failure>
  </testcase> <!-- verifySuccessfulLogin -->
</testsuite> <!-- Default test(failed) -->
