<?xml version="1.0" encoding="UTF-8"?>
<!-- Generated by org.testng.reporters.JUnitXMLReporter -->
<testsuite ignored="2" hostname="Srichakra" failures="0" tests="1" name="Default test" time="4.11" errors="0" timestamp="2026-06-01T22:30:17 EDT">
  <testcase classname="ui.ViaBenefitsWindowHandles" name="testwindowhandles" time="0.252"/>
  <testcase classname="ui.ViaBenefitsWindowHandles" name="testWindowHandles" time="0.0">
    <ignored/>
  </testcase> <!-- testWindowHandles -->
  <testcase classname="ui.ViaBenefitsWindowHandles" name="tearDown" time="0.0">
    <ignored/>
  </testcase> <!-- tearDown -->
</testsuite> <!-- Default test -->
