<?xml version="1.0" encoding="UTF-8"?>
<!-- Generated by org.testng.reporters.JUnitXMLReporter -->
<testsuite ignored="2" hostname="Srichakra" failures="0" tests="1" name="Default test" time="3.521" errors="0" timestamp="2026-05-31T19:43:55 EDT">
  <testcase classname="ui.ViaBenefitsWindowHandles" name="testwindowhandles" time="0.146"/>
  <testcase classname="ui.ViaBenefitsWindowHandles" name="testWindowHandles" time="0.0">
    <ignored/>
  </testcase> <!-- testWindowHandles -->
  <testcase classname="ui.ViaBenefitsWindowHandles" name="tearDown" time="0.0">
    <ignored/>
  </testcase> <!-- tearDown -->
</testsuite> <!-- Default test -->
