<?xml version="1.0" encoding="UTF-8"?>
<testng-results ignored="2" total="3" passed="1" failed="0" skipped="0">
  <reporter-output>
  </reporter-output>
  <suite started-at="2026-06-01T22:30:13 EDT" name="Default suite" finished-at="2026-06-01T22:30:17 EDT" duration-ms="4110">
    <groups>
    </groups>
    <test started-at="2026-06-01T22:30:13 EDT" name="Default test" finished-at="2026-06-01T22:30:17 EDT" duration-ms="4110">
      <class name="ui.ViaBenefitsWindowHandles">
        <test-method is-config="true" signature="setup()[pri:0, instance:ui.ViaBenefitsWindowHandles@6150c3ec]" started-at="2026-06-01T22:30:13 EDT" name="setup" finished-at="2026-06-01T22:30:17 EDT" duration-ms="3809" status="PASS">
          <reporter-output>
          </reporter-output>
        </test-method> <!-- setup -->
        <test-method signature="testwindowhandles()[pri:0, instance:ui.ViaBenefitsWindowHandles@6150c3ec]" started-at="2026-06-01T22:30:17 EDT" name="testwindowhandles" finished-at="2026-06-01T22:30:17 EDT" duration-ms="252" status="PASS">
          <reporter-output>
          </reporter-output>
        </test-method> <!-- testwindowhandles -->
      </class> <!-- ui.ViaBenefitsWindowHandles -->
    </test> <!-- Default test -->
  </suite> <!-- Default suite -->
</testng-results>
