<?xml version="1.0" encoding="UTF-8"?>
<testng-results ignored="2" total="3" passed="1" failed="0" skipped="0">
  <reporter-output>
  </reporter-output>
  <suite started-at="2026-05-31T19:43:52 EDT" name="Default suite" finished-at="2026-05-31T19:43:55 EDT" duration-ms="3521">
    <groups>
    </groups>
    <test started-at="2026-05-31T19:43:52 EDT" name="Default test" finished-at="2026-05-31T19:43:55 EDT" duration-ms="3521">
      <class name="ui.ViaBenefitsWindowHandles">
        <test-method is-config="true" signature="setup()[pri:0, instance:ui.ViaBenefitsWindowHandles@6150c3ec]" started-at="2026-05-31T19:43:52 EDT" name="setup" finished-at="2026-05-31T19:43:55 EDT" duration-ms="3318" status="PASS">
          <reporter-output>
          </reporter-output>
        </test-method> <!-- setup -->
        <test-method signature="testwindowhandles()[pri:0, instance:ui.ViaBenefitsWindowHandles@6150c3ec]" started-at="2026-05-31T19:43:55 EDT" name="testwindowhandles" finished-at="2026-05-31T19:43:55 EDT" duration-ms="146" status="PASS">
          <reporter-output>
          </reporter-output>
        </test-method> <!-- testwindowhandles -->
      </class> <!-- ui.ViaBenefitsWindowHandles -->
    </test> <!-- Default test -->
  </suite> <!-- Default suite -->
</testng-results>
