<?xml version="1.0" encoding="UTF-8"?>
<!-- Generated by org.testng.reporters.JUnitReportReporter -->
<testsuite hostname="Srichakra" failures="0" tests="3" name="practiceJava.ArrayListExample" time="0.014" errors="0" timestamp="2026-05-31T18:35:09 EDT" skipped="0">
  <testcase classname="practiceJava.ArrayListExample" name="ArrayList" time="0.011"/>
  <testcase classname="practiceJava.ArrayListExample" name="genericsArrayList" time="0.002"/>
  <testcase classname="practiceJava.ArrayListExample" name="hashSetDemo" time="0.001"/>
</testsuite> <!-- practiceJava.ArrayListExample -->
